03:00:00:000 gen 1 5940
07:00:00:000 gen 2 12120
11:00:00:000 gen 3 6840
12:00:00:000 gen 4 11460
15:00:00:000 gen 5 4500
18:00:00:000 gen 6 13500
22:00:00:000 gen 7 16800
23:00:00:000 gen 8 12780
24:00:00:000 gen 9 7140
25:00:00:000 gen 10 5820
27:00:00:000 gen 11 14640
30:00:00:000 gen 12 7740
34:00:00:000 gen 13 9600
36:00:00:000 gen 14 12840
39:00:00:000 gen 15 8820
41:00:00:000 gen 16 17760
42:00:00:000 gen 17 10740
45:00:00:000 gen 18 8100
47:00:00:000 gen 19 19920
51:00:00:000 gen 20 8760
53:00:00:000 gen 21 13440
54:00:00:000 gen 22 19380
56:00:00:000 gen 23 8040
60:00:00:000 gen 24 17040
61:00:00:000 gen 25 8700
64:00:00:000 gen 26 13260
65:00:00:000 gen 27 9180
67:00:00:000 gen 28 10800
68:00:00:000 gen 29 16740
69:00:00:000 gen 30 19740
72:00:00:000 gen 31 17100
74:00:00:000 gen 32 23160
75:00:00:000 gen 33 20460
78:00:00:000 gen 34 17820
81:00:00:000 gen 35 18180
84:00:00:000 gen 36 21420
88:00:00:000 gen 37 17520
92:00:00:000 gen 38 12240
95:00:00:000 gen 39 21300
96:00:00:000 gen 40 24420
100:00:00:000 gen 41 17520
104:00:00:000 gen 42 19440
105:00:00:000 gen 43 13980
109:00:00:000 gen 44 25800
112:00:00:000 gen 45 17580
115:00:00:000 gen 46 23700
119:00:00:000 gen 47 28440
122:00:00:000 gen 48 15900
126:00:00:000 gen 49 27840
128:00:00:000 gen 50 18120
130:00:00:000 gen 51 19800
131:00:00:000 gen 52 19980
133:00:00:000 gen 53 25920
136:00:00:000 gen 54 17580
138:00:00:000 gen 55 19320
139:00:00:000 gen 56 31020
140:00:00:000 gen 57 31140
144:00:00:000 gen 58 31440
146:00:00:000 gen 59 28920
148:00:00:000 gen 60 20520
150:00:00:000 gen 61 26520
154:00:00:000 gen 62 29760
156:00:00:000 gen 63 28680
159:00:00:000 gen 64 24660
162:00:00:000 gen 65 27900
166:00:00:000 gen 66 25440
167:00:00:000 gen 67 27180
168:00:00:000 gen 68 22980
172:00:00:000 gen 69 34800
175:00:00:000 gen 70 35220
176:00:00:000 gen 71 34020
177:00:00:000 gen 72 29820
178:00:00:000 gen 73 35700
181:00:00:000 gen 74 27300
184:00:00:000 gen 75 30540
186:00:00:000 gen 76 25080
190:00:00:000 gen 77 31200
191:00:00:000 gen 78 35820
193:00:00:000 gen 79 36000
195:00:00:000 gen 80 24720
198:00:00:000 gen 81 25020
199:00:00:000 gen 82 31020
203:00:00:000 gen 83 31320
207:00:00:000 gen 84 34680
211:00:00:000 gen 85 27960
215:00:00:000 gen 86 34200
216:00:00:000 gen 87 35940
218:00:00:000 gen 88 28920
222:00:00:000 gen 89 39360
225:00:00:000 gen 90 38340
228:00:00:000 gen 91 30060
230:00:00:000 gen 92 36120
234:00:00:000 gen 93 39360
237:00:00:000 gen 94 34020
241:00:00:000 gen 95 41640
242:00:00:000 gen 96 31860
243:00:00:000 gen 97 43500
247:00:00:000 gen 98 36600
249:00:00:000 gen 99 35520
252:00:00:000 gen 100 43020
253:00:00:000 gen 101 31740
254:00:00:000 gen 102 43380
256:00:00:000 gen 103 43560
258:00:00:000 gen 104 42360
259:00:00:000 gen 105 41100
262:00:00:000 gen 106 37020
265:00:00:000 gen 107 37380
266:00:00:000 gen 108 46260
267:00:00:000 gen 109 40620
269:00:00:000 gen 110 33600
272:00:00:000 gen 111 46860
274:00:00:000 gen 112 42840
277:00:00:000 gen 113 37380
279:00:00:000 gen 114 40560
283:00:00:000 gen 115 45240
284:00:00:000 gen 116 41220
287:00:00:000 gen 117 37140
291:00:00:000 gen 118 47640
294:00:00:000 gen 119 40860
295:00:00:000 gen 120 48300
299:00:00:000 gen 121 39960
301:00:00:000 gen 122 37440
303:00:00:000 gen 123 39120
306:00:00:000 gen 124 37980
307:00:00:000 gen 125 45420
308:00:00:000 gen 126 46980
311:00:00:000 gen 127 47220
312:00:00:000 gen 128 46020
315:00:00:000 gen 129 47700
316:00:00:000 gen 130 50820
319:00:00:000 gen 131 49620
320:00:00:000 gen 132 45540
321:00:00:000 gen 133 48540
325:00:00:000 gen 134 53160
326:00:00:000 gen 135 40500
328:00:00:000 gen 136 42120
330:00:00:000 gen 137 42360
332:00:00:000 gen 138 41160
333:00:00:000 gen 139 47100
337:00:00:000 gen 140 45960
341:00:00:000 gen 141 43560
345:00:00:000 gen 142 51240
347:00:00:000 gen 143 47280
350:00:00:000 gen 144 54780
353:00:00:000 gen 145 50820
354:00:00:000 gen 146 52500
357:00:00:000 gen 147 44100
358:00:00:000 gen 148 50100
359:00:00:000 gen 149 47340
361:00:00:000 gen 150 54720
365:00:00:000 gen 151 53640
369:00:00:000 gen 152 57000
370:00:00:000 gen 153 48660
374:00:00:000 gen 154 48960
375:00:00:000 gen 155 59340
378:00:00:000 gen 156 46620
381:00:00:000 gen 157 57060
383:00:00:000 gen 158 48720
385:00:00:000 gen 159 50400
389:00:00:000 gen 160 55080
391:00:00:000 gen 161 61200
395:00:00:000 gen 162 54360
396:00:00:000 gen 163 50340
398:00:00:000 gen 164 59160
402:00:00:000 gen 165 60960
403:00:00:000 gen 166 49740
404:00:00:000 gen 167 61380
407:00:00:000 gen 168 55860
408:00:00:000 gen 169 63300
411:00:00:000 gen 170 52020
412:00:00:000 gen 171 56580
413:00:00:000 gen 172 53820
415:00:00:000 gen 173 51120
418:00:00:000 gen 174 58620
419:00:00:000 gen 175 64620
422:00:00:000 gen 176 54780
425:00:00:000 gen 177 56580
426:00:00:000 gen 178 52500
428:00:00:000 gen 179 52680
432:00:00:000 gen 180 54480
433:00:00:000 gen 181 61980
436:00:00:000 gen 182 60780
440:00:00:000 gen 183 59760
442:00:00:000 gen 184 67320
445:00:00:000 gen 185 63300
446:00:00:000 gen 186 62100
450:00:00:000 gen 187 58080
452:00:00:000 gen 188 61320
454:00:00:000 gen 189 63000
455:00:00:000 gen 190 66060
457:00:00:000 gen 191 60480
460:00:00:000 gen 192 62220
461:00:00:000 gen 193 69660
464:00:00:000 gen 194 59820
465:00:00:000 gen 195 65820
468:00:00:000 gen 196 58860
469:00:00:000 gen 197 69180
470:00:00:000 gen 198 70740
473:00:00:000 gen 199 69540
474:00:00:000 gen 200 69780
476:00:00:000 gen 201 69960
480:00:00:000 gen 202 70320
482:00:00:000 gen 203 63480
485:00:00:000 gen 204 70980
489:00:00:000 gen 205 65640
490:00:00:000 gen 206 68820
491:00:00:000 gen 207 73260
492:00:00:000 gen 208 69060
494:00:00:000 gen 209 70680
498:00:00:000 gen 210 60960
502:00:00:000 gen 211 65760
504:00:00:000 gen 212 71880
507:00:00:000 gen 213 64980
508:00:00:000 gen 214 69540
512:00:00:000 gen 215 71280
514:00:00:000 gen 216 74520
515:00:00:000 gen 217 76140
518:00:00:000 gen 218 63420
519:00:00:000 gen 219 65100
520:00:00:000 gen 220 69540
523:00:00:000 gen 221 74100
524:00:00:000 gen 222 75780
527:00:00:000 gen 223 67380
531:00:00:000 gen 224 75000
535:00:00:000 gen 225 69720
536:00:00:000 gen 226 68580
537:00:00:000 gen 227 70140
541:00:00:000 gen 228 67560
545:00:00:000 gen 229 78120
549:00:00:000 gen 230 68520
553:00:00:000 gen 231 73320
557:00:00:000 gen 232 70920
558:00:00:000 gen 233 78420
560:00:00:000 gen 234 81480
562:00:00:000 gen 235 74520
566:00:00:000 gen 236 82080
568:00:00:000 gen 237 76680
571:00:00:000 gen 238 69780
573:00:00:000 gen 239 71520
577:00:00:000 gen 240 83400
578:00:00:000 gen 241 82260
582:00:00:000 gen 242 78240
584:00:00:000 gen 243 77160
587:00:00:000 gen 244 71700
589:00:00:000 gen 245 72000
592:00:00:000 gen 246 85260
594:00:00:000 gen 247 75480
595:00:00:000 gen 248 75660
599:00:00:000 gen 249 83160
601:00:00:000 gen 250 74880
604:00:00:000 gen 251 86700
605:00:00:000 gen 252 81180
607:00:00:000 gen 253 84240
610:00:00:000 gen 254 80220
611:00:00:000 gen 255 83340
614:00:00:000 gen 256 85020
616:00:00:000 gen 257 86760
617:00:00:000 gen 258 86940
618:00:00:000 gen 259 84180
621:00:00:000 gen 260 84420
622:00:00:000 gen 261 81780
625:00:00:000 gen 262 79140
628:00:00:000 gen 263 89580
632:00:00:000 gen 264 77040
636:00:00:000 gen 265 77520
640:00:00:000 gen 266 78000
642:00:00:000 gen 267 82680
643:00:00:000 gen 268 88620
646:00:00:000 gen 269 87420
647:00:00:000 gen 270 86220
648:00:00:000 gen 271 79140
651:00:00:000 gen 272 92340
653:00:00:000 gen 273 92640
657:00:00:000 gen 274 85800
658:00:00:000 gen 275 81780
662:00:00:000 gen 276 84960
665:00:00:000 gen 277 92580
668:00:00:000 gen 278 90060
669:00:00:000 gen 279 87420
672:00:00:000 gen 280 91980
674:00:00:000 gen 281 82200
676:00:00:000 gen 282 92520
678:00:00:000 gen 283 95640
680:00:00:000 gen 284 94440
682:00:00:000 gen 285 87480
684:00:00:000 gen 286 94920
686:00:00:000 gen 287 93720
690:00:00:000 gen 288 88320
692:00:00:000 gen 289 95880
696:00:00:000 gen 290 90480
697:00:00:000 gen 291 97980
700:00:00:000 gen 292 98220
702:00:00:000 gen 293 97080
705:00:00:000 gen 294 97380
707:00:00:000 gen 295 90480
709:00:00:000 gen 296 87840
712:00:00:000 gen 297 98220
714:00:00:000 gen 298 99960
716:00:00:000 gen 299 100200
719:00:00:000 gen 300 91860